12/28/2017 2:22:56 PM, Info: Initializing SIMPLSharp Services...
12/28/2017 2:22:56 PM, Info: ProjectInfo successfully initialized.
12/28/2017 2:23:22 PM, Info: Verifying archive C:\Users\PLiedtke PC\Desktop\Working SVN\Aoki\SPlsWork\HD-MD-4K-E.clz...
12/28/2017 2:23:23 PM, Info: Saving project information...
12/28/2017 2:23:27 PM, Info: Commiting verification transaction...
12/28/2017 2:23:27 PM, Info: Saving project information...
12/28/2017 2:25:51 PM, Info: Initializing SIMPLSharp Services...
12/28/2017 2:25:51 PM, Info: ProjectInfo successfully initialized.
12/28/2017 2:26:14 PM, Info: Verifying archive C:\Users\PLiedtke PC\Desktop\Working SVN\Aoki\SPlsWork\HD-MD-4K-E.clz...
12/28/2017 2:26:15 PM, Info: Saving project information...
12/28/2017 2:26:18 PM, Info: Commiting verification transaction...
12/28/2017 2:26:18 PM, Info: Saving project information...
12/28/2017 2:36:45 PM, Info: Initializing SIMPLSharp Services...
12/28/2017 2:36:45 PM, Info: ProjectInfo successfully initialized.
12/28/2017 2:37:06 PM, Info: Verifying archive C:\Users\PLiedtke PC\Desktop\Working SVN\Aoki\SPlsWork\HD-MD-4K-E.clz...
12/28/2017 2:37:06 PM, Info: Saving project information...
12/28/2017 2:37:10 PM, Info: Commiting verification transaction...
12/28/2017 2:37:10 PM, Info: Saving project information...
12/28/2017 2:37:21 PM, Info: Terminating SIMPLSharp Services
12/28/2017 2:37:21 PM, Info: Saving project information...
12/28/2017 2:37:21 PM, Info: Terminating SIMPLSharp Services
12/28/2017 2:37:21 PM, Info: Saving project information...
12/28/2017 2:37:21 PM, Info: Terminating SIMPLSharp Services
