9/21/2017 11:46:25 AM, Info: Initializing SIMPLSharp Services...
9/21/2017 11:46:25 AM, Info: ProjectInfo successfully initialized.
9/21/2017 11:46:51 AM, Info: Verifying archive C:\Users\PLiedtke PC\Desktop\Working SVN\Aoki\AV\SPlsWork\HD-MD-4K-E.clz...
9/21/2017 11:46:52 AM, Info: Saving project information...
9/21/2017 11:46:56 AM, Info: Commiting verification transaction...
9/21/2017 11:46:56 AM, Info: Saving project information...
9/21/2017 11:47:34 AM, Info: Initializing SIMPLSharp Services...
9/21/2017 11:47:34 AM, Info: ProjectInfo successfully initialized.
9/21/2017 11:47:58 AM, Info: Verifying archive C:\Users\PLiedtke PC\Desktop\Working SVN\Aoki\AV\SPlsWork\HD-MD-4K-E.clz...
9/21/2017 11:47:58 AM, Info: Saving project information...
9/21/2017 11:48:02 AM, Info: Commiting verification transaction...
9/21/2017 11:48:02 AM, Info: Saving project information...
9/21/2017 12:00:47 PM, Info: Initializing SIMPLSharp Services...
9/21/2017 12:00:47 PM, Info: ProjectInfo successfully initialized.
9/21/2017 12:01:13 PM, Info: Verifying archive C:\Users\PLiedtke PC\Desktop\Working SVN\Aoki\AV\SPlsWork\HD-MD-4K-E.clz...
9/21/2017 12:01:13 PM, Info: Saving project information...
9/21/2017 12:01:17 PM, Info: Commiting verification transaction...
9/21/2017 12:01:17 PM, Info: Saving project information...
9/21/2017 12:24:54 PM, Info: Initializing SIMPLSharp Services...
9/21/2017 12:24:54 PM, Info: ProjectInfo successfully initialized.
9/21/2017 12:25:16 PM, Info: Verifying archive C:\Users\PLiedtke PC\Desktop\Working SVN\Aoki\AV\SPlsWork\HD-MD-4K-E.clz...
9/21/2017 12:25:16 PM, Info: Saving project information...
9/21/2017 12:25:20 PM, Info: Commiting verification transaction...
9/21/2017 12:25:20 PM, Info: Saving project information...
9/21/2017 12:49:00 PM, Info: Initializing SIMPLSharp Services...
9/21/2017 12:49:00 PM, Info: ProjectInfo successfully initialized.
9/21/2017 12:49:24 PM, Info: Verifying archive C:\Users\PLiedtke PC\Desktop\Working SVN\Aoki\AV\SPlsWork\HD-MD-4K-E.clz...
9/21/2017 12:49:25 PM, Info: Saving project information...
9/21/2017 12:49:28 PM, Info: Commiting verification transaction...
9/21/2017 12:49:28 PM, Info: Saving project information...
9/21/2017 3:16:29 PM, Info: Terminating SIMPLSharp Services
9/21/2017 3:16:29 PM, Info: Saving project information...
9/21/2017 3:16:29 PM, Info: Terminating SIMPLSharp Services
9/21/2017 3:16:29 PM, Info: Saving project information...
9/21/2017 3:16:29 PM, Info: Terminating SIMPLSharp Services
9/21/2017 3:16:29 PM, Info: Saving project information...
9/21/2017 3:16:29 PM, Info: Terminating SIMPLSharp Services
9/21/2017 3:16:29 PM, Info: Saving project information...
9/21/2017 3:16:29 PM, Info: Terminating SIMPLSharp Services
