10/14/2016 2:47:36 PM, Info: Initializing SIMPLSharp Services...
10/14/2016 2:47:36 PM, Info: ProjectInfo successfully initialized.
10/14/2016 2:47:38 PM, Info: Verifying archive C:\Users\PLiedtke PC\Desktop\Working SVN\AOKI INTERFACE\DataSelector.clz...
10/14/2016 2:47:39 PM, Info: Saving project information...
10/14/2016 2:47:43 PM, Info: Verifying archive C:\Users\PLiedtke PC\Desktop\Working SVN\AOKI INTERFACE\SPlsWork\AppHelperClasses v2_0.clz...
10/14/2016 2:47:43 PM, Info: Saving project information...
10/14/2016 2:47:44 PM, Info: Verifying archive C:\Users\PLiedtke PC\Desktop\Working SVN\AOKI INTERFACE\SPlsWork\AffinityClientConnection.clz...
10/14/2016 2:47:47 PM, Info: Saving project information...
10/14/2016 2:47:50 PM, Info: Verifying archive C:\Users\PLiedtke PC\Desktop\Working SVN\AOKI INTERFACE\SPlsWork\AffinityClientConnection.clz...
10/14/2016 2:47:53 PM, Info: Saving project information...
10/14/2016 2:47:55 PM, Info: Commiting verification transaction...
10/14/2016 2:47:55 PM, Info: Saving project information...
10/14/2016 3:42:05 PM, Info: Initializing SIMPLSharp Services...
10/14/2016 3:42:05 PM, Info: ProjectInfo successfully initialized.
10/14/2016 3:42:07 PM, Info: Verifying archive C:\Users\PLiedtke PC\Desktop\Working SVN\AOKI INTERFACE\DataSelector.clz...
10/14/2016 3:42:07 PM, Info: Saving project information...
10/14/2016 3:42:11 PM, Info: Verifying archive C:\Users\PLiedtke PC\Desktop\Working SVN\AOKI INTERFACE\SPlsWork\AppHelperClasses v2_0.clz...
10/14/2016 3:42:11 PM, Info: Saving project information...
10/14/2016 3:42:12 PM, Info: Verifying archive C:\Users\PLiedtke PC\Desktop\Working SVN\AOKI INTERFACE\SPlsWork\AffinityClientConnection.clz...
10/14/2016 3:42:15 PM, Info: Saving project information...
10/14/2016 3:42:18 PM, Info: Verifying archive C:\Users\PLiedtke PC\Desktop\Working SVN\AOKI INTERFACE\SPlsWork\AffinityClientConnection.clz...
10/14/2016 3:42:19 PM, Info: Saving project information...
10/14/2016 3:42:21 PM, Info: Commiting verification transaction...
10/14/2016 3:42:21 PM, Info: Saving project information...
10/14/2016 3:50:45 PM, Info: Initializing SIMPLSharp Services...
10/14/2016 3:50:45 PM, Info: ProjectInfo successfully initialized.
10/14/2016 3:50:47 PM, Info: Verifying archive C:\Users\PLiedtke PC\Desktop\Working SVN\AOKI INTERFACE\DataSelector.clz...
10/14/2016 3:50:47 PM, Info: Saving project information...
10/14/2016 3:50:50 PM, Info: Verifying archive C:\Users\PLiedtke PC\Desktop\Working SVN\AOKI INTERFACE\SPlsWork\AppHelperClasses v2_0.clz...
10/14/2016 3:50:50 PM, Info: Saving project information...
10/14/2016 3:50:51 PM, Info: Verifying archive C:\Users\PLiedtke PC\Desktop\Working SVN\AOKI INTERFACE\SPlsWork\AffinityClientConnection.clz...
10/14/2016 3:50:52 PM, Info: Saving project information...
10/14/2016 3:50:57 PM, Info: Commiting verification transaction...
10/14/2016 3:50:57 PM, Info: Saving project information...
10/14/2016 3:51:20 PM, Info: Initializing SIMPLSharp Services...
10/14/2016 3:51:20 PM, Info: ProjectInfo successfully initialized.
10/14/2016 3:51:22 PM, Info: Verifying archive C:\Users\PLiedtke PC\Desktop\Working SVN\AOKI INTERFACE\DataSelector.clz...
10/14/2016 3:51:22 PM, Info: Saving project information...
10/14/2016 3:51:26 PM, Info: Verifying archive C:\Users\PLiedtke PC\Desktop\Working SVN\AOKI INTERFACE\SPlsWork\AppHelperClasses v2_0.clz...
10/14/2016 3:51:26 PM, Info: Saving project information...
10/14/2016 3:51:27 PM, Info: Verifying archive C:\Users\PLiedtke PC\Desktop\Working SVN\AOKI INTERFACE\SPlsWork\AffinityClientConnection.clz...
10/14/2016 3:51:28 PM, Info: Saving project information...
10/14/2016 3:51:33 PM, Info: Commiting verification transaction...
10/14/2016 3:51:33 PM, Info: Saving project information...
10/14/2016 3:51:37 PM, Info: Terminating SIMPLSharp Services
10/14/2016 3:51:37 PM, Info: Saving project information...
10/14/2016 3:51:37 PM, Info: Terminating SIMPLSharp Services
10/14/2016 3:51:37 PM, Info: Saving project information...
10/14/2016 3:51:37 PM, Info: Terminating SIMPLSharp Services
10/14/2016 3:51:37 PM, Info: Saving project information...
10/14/2016 3:51:37 PM, Info: Terminating SIMPLSharp Services
