12/28/2017 4:37:16 PM, Info: Initializing SIMPLSharp Services...
12/28/2017 4:37:16 PM, Info: ProjectInfo successfully initialized.
12/28/2017 4:37:18 PM, Info: Verifying archive C:\Users\PLiedtke PC\Desktop\Working SVN\Aoki Interface\DataSelector.clz...
12/28/2017 4:37:18 PM, Info: Saving project information...
12/28/2017 4:37:21 PM, Info: Verifying archive C:\Users\PLiedtke PC\Desktop\Working SVN\Aoki Interface\SPlsWork\AppHelperClasses v2_0.clz...
12/28/2017 4:37:21 PM, Info: Saving project information...
12/28/2017 4:37:22 PM, Info: Verifying archive C:\Users\PLiedtke PC\Desktop\Working SVN\Aoki Interface\SPlsWork\AffinityClientConnection.clz...
12/28/2017 4:37:23 PM, Info: Saving project information...
12/28/2017 4:37:29 PM, Info: Commiting verification transaction...
12/28/2017 4:37:29 PM, Info: Saving project information...
12/28/2017 4:37:46 PM, Info: Initializing SIMPLSharp Services...
12/28/2017 4:37:46 PM, Info: ProjectInfo successfully initialized.
12/28/2017 4:37:48 PM, Info: Verifying archive C:\Users\PLiedtke PC\Desktop\Working SVN\Aoki Interface\DataSelector.clz...
12/28/2017 4:37:48 PM, Info: Saving project information...
12/28/2017 4:37:51 PM, Info: Verifying archive C:\Users\PLiedtke PC\Desktop\Working SVN\Aoki Interface\SPlsWork\AppHelperClasses v2_0.clz...
12/28/2017 4:37:51 PM, Info: Saving project information...
12/28/2017 4:37:52 PM, Info: Verifying archive C:\Users\PLiedtke PC\Desktop\Working SVN\Aoki Interface\SPlsWork\AffinityClientConnection.clz...
12/28/2017 4:37:53 PM, Info: Saving project information...
12/28/2017 4:37:59 PM, Info: Commiting verification transaction...
12/28/2017 4:37:59 PM, Info: Saving project information...
12/28/2017 4:38:13 PM, Info: Terminating SIMPLSharp Services
12/28/2017 4:38:13 PM, Info: Saving project information...
12/28/2017 4:38:13 PM, Info: Terminating SIMPLSharp Services
