9/21/2017 12:00:45 PM, Info: Initializing SIMPLSharp Services...
9/21/2017 12:00:45 PM, Info: ProjectInfo successfully initialized.
9/21/2017 12:00:48 PM, Info: Verifying archive C:\Users\PLiedtke PC\Desktop\Working SVN\Aoki\INTERFACE\DataSelector.clz...
9/21/2017 12:00:48 PM, Info: Saving project information...
9/21/2017 12:00:52 PM, Info: Verifying archive C:\Users\PLiedtke PC\Desktop\Working SVN\Aoki\INTERFACE\SPlsWork\AppHelperClasses v2_0.clz...
9/21/2017 12:00:52 PM, Info: Saving project information...
9/21/2017 12:00:52 PM, Info: Verifying archive C:\Users\PLiedtke PC\Desktop\Working SVN\Aoki\INTERFACE\SPlsWork\AffinityClientConnection.clz...
9/21/2017 12:00:55 PM, Info: Saving project information...
9/21/2017 12:00:58 PM, Info: Verifying archive C:\Users\PLiedtke PC\Desktop\Working SVN\Aoki\INTERFACE\SPlsWork\AffinityClientConnection.clz...
9/21/2017 12:01:00 PM, Info: Saving project information...
9/21/2017 12:01:01 PM, Info: Verifying archive C:\Users\PLiedtke PC\Desktop\Working SVN\Aoki\INTERFACE\SPlsWork\AffinityClientConnection.clz...
9/21/2017 12:01:03 PM, Info: Saving project information...
9/21/2017 12:01:06 PM, Info: Commiting verification transaction...
9/21/2017 12:01:06 PM, Info: Saving project information...
9/21/2017 12:11:55 PM, Info: Initializing SIMPLSharp Services...
9/21/2017 12:11:55 PM, Info: ProjectInfo successfully initialized.
9/21/2017 12:11:57 PM, Info: Verifying archive C:\Users\PLiedtke PC\Desktop\Working SVN\Aoki\INTERFACE\DataSelector.clz...
9/21/2017 12:11:57 PM, Info: Saving project information...
9/21/2017 12:12:00 PM, Info: Verifying archive C:\Users\PLiedtke PC\Desktop\Working SVN\Aoki\INTERFACE\SPlsWork\AppHelperClasses v2_0.clz...
9/21/2017 12:12:00 PM, Info: Saving project information...
9/21/2017 12:12:01 PM, Info: Verifying archive C:\Users\PLiedtke PC\Desktop\Working SVN\Aoki\INTERFACE\SPlsWork\AffinityClientConnection.clz...
9/21/2017 12:12:03 PM, Info: Saving project information...
9/21/2017 12:12:06 PM, Info: Verifying archive C:\Users\PLiedtke PC\Desktop\Working SVN\Aoki\INTERFACE\SPlsWork\AffinityClientConnection.clz...
9/21/2017 12:12:07 PM, Info: Saving project information...
9/21/2017 12:12:08 PM, Info: Verifying archive C:\Users\PLiedtke PC\Desktop\Working SVN\Aoki\INTERFACE\SPlsWork\AffinityClientConnection.clz...
9/21/2017 12:12:09 PM, Info: Saving project information...
9/21/2017 12:12:12 PM, Info: Commiting verification transaction...
9/21/2017 12:12:12 PM, Info: Saving project information...
9/21/2017 12:49:08 PM, Info: Initializing SIMPLSharp Services...
9/21/2017 12:49:08 PM, Info: ProjectInfo successfully initialized.
9/21/2017 12:49:10 PM, Info: Verifying archive C:\Users\PLiedtke PC\Desktop\Working SVN\Aoki\INTERFACE\DataSelector.clz...
9/21/2017 12:49:10 PM, Info: Saving project information...
9/21/2017 12:49:13 PM, Info: Verifying archive C:\Users\PLiedtke PC\Desktop\Working SVN\Aoki\INTERFACE\SPlsWork\AppHelperClasses v2_0.clz...
9/21/2017 12:49:13 PM, Info: Saving project information...
9/21/2017 12:49:14 PM, Info: Verifying archive C:\Users\PLiedtke PC\Desktop\Working SVN\Aoki\INTERFACE\SPlsWork\AffinityClientConnection.clz...
9/21/2017 12:49:15 PM, Info: Saving project information...
9/21/2017 12:49:21 PM, Info: Commiting verification transaction...
9/21/2017 12:49:21 PM, Info: Saving project information...
9/21/2017 3:16:27 PM, Info: Terminating SIMPLSharp Services
9/21/2017 3:16:27 PM, Info: Saving project information...
9/21/2017 3:16:27 PM, Info: Terminating SIMPLSharp Services
9/21/2017 3:16:27 PM, Info: Saving project information...
9/21/2017 3:16:27 PM, Info: Terminating SIMPLSharp Services
