10/17/2016 3:07:08 PM, Info: Initializing SIMPLSharp Services...
10/17/2016 3:07:08 PM, Info: ProjectInfo successfully initialized.
10/17/2016 3:07:10 PM, Info: Verifying archive C:\Users\PLiedtke PC\Desktop\Working SVN\AOKI INTERFACE\DataSelector.clz...
10/17/2016 3:07:10 PM, Info: Saving project information...
10/17/2016 3:07:14 PM, Info: Verifying archive C:\Users\PLiedtke PC\Desktop\Working SVN\AOKI INTERFACE\SPlsWork\AppHelperClasses v2_0.clz...
10/17/2016 3:07:14 PM, Info: Saving project information...
10/17/2016 3:07:15 PM, Info: Verifying archive C:\Users\PLiedtke PC\Desktop\Working SVN\AOKI INTERFACE\SPlsWork\AffinityClientConnection.clz...
10/17/2016 3:07:16 PM, Info: Saving project information...
10/17/2016 3:07:22 PM, Info: Commiting verification transaction...
10/17/2016 3:07:22 PM, Info: Saving project information...
10/17/2016 3:29:22 PM, Info: Initializing SIMPLSharp Services...
10/17/2016 3:29:22 PM, Info: ProjectInfo successfully initialized.
10/17/2016 3:29:24 PM, Info: Verifying archive C:\Users\PLiedtke PC\Desktop\Working SVN\AOKI INTERFACE\DataSelector.clz...
10/17/2016 3:29:24 PM, Info: Saving project information...
10/17/2016 3:29:28 PM, Info: Verifying archive C:\Users\PLiedtke PC\Desktop\Working SVN\AOKI INTERFACE\SPlsWork\AppHelperClasses v2_0.clz...
10/17/2016 3:29:28 PM, Info: Saving project information...
10/17/2016 3:29:29 PM, Info: Verifying archive C:\Users\PLiedtke PC\Desktop\Working SVN\AOKI INTERFACE\SPlsWork\AffinityClientConnection.clz...
10/17/2016 3:29:30 PM, Info: Saving project information...
10/17/2016 3:29:36 PM, Info: Commiting verification transaction...
10/17/2016 3:29:36 PM, Info: Saving project information...
10/17/2016 3:30:00 PM, Info: Terminating SIMPLSharp Services
10/17/2016 3:30:00 PM, Info: Saving project information...
10/17/2016 3:30:00 PM, Info: Terminating SIMPLSharp Services
