12/28/2017 2:51:20 PM, Info: Initializing SIMPLSharp Services...
12/28/2017 2:51:20 PM, Info: ProjectInfo successfully initialized.
12/28/2017 2:51:23 PM, Info: Verifying archive C:\Users\PLiedtke PC\Desktop\Working SVN\Aoki Interface\DataSelector.clz...
12/28/2017 2:51:23 PM, Info: Saving project information...
12/28/2017 2:51:26 PM, Info: Verifying archive C:\Users\PLiedtke PC\Desktop\Working SVN\Aoki Interface\SPlsWork\AppHelperClasses v2_0.clz...
12/28/2017 2:51:26 PM, Info: Saving project information...
12/28/2017 2:51:27 PM, Info: Verifying archive C:\Users\PLiedtke PC\Desktop\Working SVN\Aoki Interface\SPlsWork\AffinityClientConnection.clz...
12/28/2017 2:51:29 PM, Info: Saving project information...
12/28/2017 2:51:33 PM, Info: Verifying archive C:\Users\PLiedtke PC\Desktop\Working SVN\Aoki Interface\SPlsWork\AffinityClientConnection.clz...
12/28/2017 2:51:35 PM, Info: Saving project information...
12/28/2017 2:51:35 PM, Info: Verifying archive C:\Users\PLiedtke PC\Desktop\Working SVN\Aoki Interface\SPlsWork\AffinityClientConnection.clz...
12/28/2017 2:51:37 PM, Info: Saving project information...
12/28/2017 2:51:40 PM, Info: Commiting verification transaction...
12/28/2017 2:51:40 PM, Info: Saving project information...
12/28/2017 2:52:16 PM, Info: Initializing SIMPLSharp Services...
12/28/2017 2:52:16 PM, Info: ProjectInfo successfully initialized.
12/28/2017 2:52:19 PM, Info: Verifying archive C:\Users\PLiedtke PC\Desktop\Working SVN\Aoki Interface\DataSelector.clz...
12/28/2017 2:52:19 PM, Info: Saving project information...
12/28/2017 2:52:22 PM, Info: Verifying archive C:\Users\PLiedtke PC\Desktop\Working SVN\Aoki Interface\SPlsWork\AppHelperClasses v2_0.clz...
12/28/2017 2:52:22 PM, Info: Saving project information...
12/28/2017 2:52:22 PM, Info: Verifying archive C:\Users\PLiedtke PC\Desktop\Working SVN\Aoki Interface\SPlsWork\AffinityClientConnection.clz...
12/28/2017 2:52:24 PM, Info: Saving project information...
12/28/2017 2:52:27 PM, Info: Verifying archive C:\Users\PLiedtke PC\Desktop\Working SVN\Aoki Interface\SPlsWork\AffinityClientConnection.clz...
12/28/2017 2:52:28 PM, Info: Saving project information...
12/28/2017 2:52:29 PM, Info: Verifying archive C:\Users\PLiedtke PC\Desktop\Working SVN\Aoki Interface\SPlsWork\AffinityClientConnection.clz...
12/28/2017 2:52:30 PM, Info: Saving project information...
12/28/2017 2:52:33 PM, Info: Commiting verification transaction...
12/28/2017 2:52:33 PM, Info: Saving project information...
12/28/2017 2:52:48 PM, Info: Initializing SIMPLSharp Services...
12/28/2017 2:52:48 PM, Info: ProjectInfo successfully initialized.
12/28/2017 2:52:50 PM, Info: Verifying archive C:\Users\PLiedtke PC\Desktop\Working SVN\Aoki Interface\DataSelector.clz...
12/28/2017 2:52:50 PM, Info: Saving project information...
12/28/2017 2:52:53 PM, Info: Verifying archive C:\Users\PLiedtke PC\Desktop\Working SVN\Aoki Interface\SPlsWork\AppHelperClasses v2_0.clz...
12/28/2017 2:52:53 PM, Info: Saving project information...
12/28/2017 2:52:53 PM, Info: Verifying archive C:\Users\PLiedtke PC\Desktop\Working SVN\Aoki Interface\SPlsWork\AffinityClientConnection.clz...
12/28/2017 2:52:55 PM, Info: Saving project information...
12/28/2017 2:53:00 PM, Info: Commiting verification transaction...
12/28/2017 2:53:00 PM, Info: Saving project information...
12/28/2017 2:53:06 PM, Info: Terminating SIMPLSharp Services
12/28/2017 2:53:06 PM, Info: Saving project information...
12/28/2017 2:53:06 PM, Info: Terminating SIMPLSharp Services
12/28/2017 2:53:06 PM, Info: Saving project information...
12/28/2017 2:53:06 PM, Info: Terminating SIMPLSharp Services
