11/7/2017 2:20:04 PM, Info: Initializing SIMPLSharp Services...
11/7/2017 2:20:04 PM, Info: ProjectInfo successfully initialized.
11/7/2017 2:20:06 PM, Info: Verifying archive C:\Users\PLiedtke PC\Desktop\Working SVN\Aoki\INTERFACE\DataSelector.clz...
11/7/2017 2:20:06 PM, Info: Saving project information...
11/7/2017 2:20:09 PM, Info: Verifying archive C:\Users\PLiedtke PC\Desktop\Working SVN\Aoki\INTERFACE\SPlsWork\AppHelperClasses v2_0.clz...
11/7/2017 2:20:10 PM, Info: Saving project information...
11/7/2017 2:20:10 PM, Info: Verifying archive C:\Users\PLiedtke PC\Desktop\Working SVN\Aoki\INTERFACE\SPlsWork\AffinityClientConnection.clz...
11/7/2017 2:20:13 PM, Info: Saving project information...
11/7/2017 2:20:16 PM, Info: Verifying archive C:\Users\PLiedtke PC\Desktop\Working SVN\Aoki\INTERFACE\SPlsWork\AffinityClientConnection.clz...
11/7/2017 2:20:17 PM, Info: Saving project information...
11/7/2017 2:20:17 PM, Info: Verifying archive C:\Users\PLiedtke PC\Desktop\Working SVN\Aoki\INTERFACE\SPlsWork\AffinityClientConnection.clz...
11/7/2017 2:20:18 PM, Info: Saving project information...
11/7/2017 2:20:21 PM, Info: Commiting verification transaction...
11/7/2017 2:20:21 PM, Info: Saving project information...
11/7/2017 2:23:00 PM, Info: Initializing SIMPLSharp Services...
11/7/2017 2:23:00 PM, Info: ProjectInfo successfully initialized.
11/7/2017 2:23:02 PM, Info: Verifying archive C:\Users\PLiedtke PC\Desktop\Working SVN\Aoki\INTERFACE\DataSelector.clz...
11/7/2017 2:23:02 PM, Info: Saving project information...
11/7/2017 2:23:05 PM, Info: Verifying archive C:\Users\PLiedtke PC\Desktop\Working SVN\Aoki\INTERFACE\SPlsWork\AppHelperClasses v2_0.clz...
11/7/2017 2:23:05 PM, Info: Saving project information...
11/7/2017 2:23:06 PM, Info: Verifying archive C:\Users\PLiedtke PC\Desktop\Working SVN\Aoki\INTERFACE\SPlsWork\AffinityClientConnection.clz...
11/7/2017 2:23:07 PM, Info: Saving project information...
11/7/2017 2:23:13 PM, Info: Commiting verification transaction...
11/7/2017 2:23:13 PM, Info: Saving project information...
11/7/2017 2:29:38 PM, Info: Terminating SIMPLSharp Services
11/7/2017 2:29:38 PM, Info: Saving project information...
11/7/2017 2:29:38 PM, Info: Terminating SIMPLSharp Services
