10/17/2016 1:37:16 PM, Info: Initializing SIMPLSharp Services...
10/17/2016 1:37:16 PM, Info: ProjectInfo successfully initialized.
10/17/2016 1:37:18 PM, Info: Verifying archive C:\Users\PLiedtke PC\Desktop\Working SVN\AOKI INTERFACE\DataSelector.clz...
10/17/2016 1:37:18 PM, Info: Saving project information...
10/17/2016 1:37:22 PM, Info: Verifying archive C:\Users\PLiedtke PC\Desktop\Working SVN\AOKI INTERFACE\SPlsWork\AppHelperClasses v2_0.clz...
10/17/2016 1:37:22 PM, Info: Saving project information...
10/17/2016 1:37:24 PM, Info: Verifying archive C:\Users\PLiedtke PC\Desktop\Working SVN\AOKI INTERFACE\SPlsWork\AffinityClientConnection.clz...
10/17/2016 1:37:25 PM, Info: Saving project information...
10/17/2016 1:37:30 PM, Info: Commiting verification transaction...
10/17/2016 1:37:30 PM, Info: Saving project information...
10/17/2016 2:49:46 PM, Info: Initializing SIMPLSharp Services...
10/17/2016 2:49:46 PM, Info: ProjectInfo successfully initialized.
10/17/2016 2:49:49 PM, Info: Verifying archive C:\Users\PLiedtke PC\Desktop\Working SVN\AOKI INTERFACE\DataSelector.clz...
10/17/2016 2:49:49 PM, Info: Saving project information...
10/17/2016 2:49:53 PM, Info: Verifying archive C:\Users\PLiedtke PC\Desktop\Working SVN\AOKI INTERFACE\SPlsWork\AppHelperClasses v2_0.clz...
10/17/2016 2:49:53 PM, Info: Saving project information...
10/17/2016 2:49:54 PM, Info: Verifying archive C:\Users\PLiedtke PC\Desktop\Working SVN\AOKI INTERFACE\SPlsWork\AffinityClientConnection.clz...
10/17/2016 2:49:55 PM, Info: Saving project information...
10/17/2016 2:49:59 PM, Info: Verifying archive C:\Users\PLiedtke PC\Desktop\Working SVN\AOKI INTERFACE\SPlsWork\AffinityClientConnection.clz...
10/17/2016 2:50:00 PM, Info: Saving project information...
10/17/2016 2:50:02 PM, Info: Commiting verification transaction...
10/17/2016 2:50:02 PM, Info: Saving project information...
10/17/2016 2:54:32 PM, Info: Initializing SIMPLSharp Services...
10/17/2016 2:54:32 PM, Info: ProjectInfo successfully initialized.
10/17/2016 2:54:35 PM, Info: Verifying archive C:\Users\PLiedtke PC\Desktop\Working SVN\AOKI INTERFACE\DataSelector.clz...
10/17/2016 2:54:35 PM, Info: Saving project information...
10/17/2016 2:54:38 PM, Info: Verifying archive C:\Users\PLiedtke PC\Desktop\Working SVN\AOKI INTERFACE\SPlsWork\AppHelperClasses v2_0.clz...
10/17/2016 2:54:39 PM, Info: Saving project information...
10/17/2016 2:54:40 PM, Info: Verifying archive C:\Users\PLiedtke PC\Desktop\Working SVN\AOKI INTERFACE\SPlsWork\AffinityClientConnection.clz...
10/17/2016 2:54:41 PM, Info: Saving project information...
10/17/2016 2:54:45 PM, Info: Verifying archive C:\Users\PLiedtke PC\Desktop\Working SVN\AOKI INTERFACE\SPlsWork\AffinityClientConnection.clz...
10/17/2016 2:54:46 PM, Info: Saving project information...
10/17/2016 2:54:48 PM, Info: Commiting verification transaction...
10/17/2016 2:54:48 PM, Info: Saving project information...
10/17/2016 3:05:02 PM, Info: Terminating SIMPLSharp Services
10/17/2016 3:05:02 PM, Info: Saving project information...
10/17/2016 3:05:02 PM, Info: Terminating SIMPLSharp Services
10/17/2016 3:05:02 PM, Info: Saving project information...
10/17/2016 3:05:02 PM, Info: Terminating SIMPLSharp Services
