8/31/2017 12:32:48 PM, Info: Initializing SIMPLSharp Services...
8/31/2017 12:32:48 PM, Info: ProjectInfo successfully initialized.
8/31/2017 12:32:51 PM, Info: Verifying archive C:\Users\Mike\Desktop\Aoki\INTERFACE\DataSelector.clz...
8/31/2017 12:32:51 PM, Info: Saving project information...
8/31/2017 12:32:54 PM, Info: Verifying archive C:\Users\Mike\Desktop\Aoki\INTERFACE\SPlsWork\AppHelperClasses v2_0.clz...
8/31/2017 12:32:54 PM, Info: Saving project information...
8/31/2017 12:32:55 PM, Info: Verifying archive C:\Users\Mike\Desktop\Aoki\INTERFACE\SPlsWork\AffinityClientConnection.clz...
8/31/2017 12:32:57 PM, Info: Saving project information...
8/31/2017 12:33:00 PM, Info: Verifying archive C:\Users\Mike\Desktop\Aoki\INTERFACE\SPlsWork\AffinityClientConnection.clz...
8/31/2017 12:33:02 PM, Info: Saving project information...
8/31/2017 12:33:03 PM, Info: Verifying archive C:\Users\Mike\Desktop\Aoki\INTERFACE\SPlsWork\AffinityClientConnection.clz...
8/31/2017 12:33:05 PM, Info: Saving project information...
8/31/2017 12:33:08 PM, Info: Commiting verification transaction...
8/31/2017 12:33:08 PM, Info: Saving project information...
8/31/2017 12:35:41 PM, Info: Initializing SIMPLSharp Services...
8/31/2017 12:35:41 PM, Info: ProjectInfo successfully initialized.
8/31/2017 12:35:43 PM, Info: Verifying archive C:\Users\Mike\Desktop\Aoki\INTERFACE\DataSelector.clz...
8/31/2017 12:35:43 PM, Info: Saving project information...
8/31/2017 12:35:45 PM, Info: Verifying archive C:\Users\Mike\Desktop\Aoki\INTERFACE\SPlsWork\AppHelperClasses v2_0.clz...
8/31/2017 12:35:45 PM, Info: Saving project information...
8/31/2017 12:35:46 PM, Info: Verifying archive C:\Users\Mike\Desktop\Aoki\INTERFACE\SPlsWork\AffinityClientConnection.clz...
8/31/2017 12:35:48 PM, Info: Saving project information...
8/31/2017 12:35:51 PM, Info: Verifying archive C:\Users\Mike\Desktop\Aoki\INTERFACE\SPlsWork\AffinityClientConnection.clz...
8/31/2017 12:35:52 PM, Info: Saving project information...
8/31/2017 12:35:52 PM, Info: Verifying archive C:\Users\Mike\Desktop\Aoki\INTERFACE\SPlsWork\AffinityClientConnection.clz...
8/31/2017 12:35:53 PM, Info: Saving project information...
8/31/2017 12:35:56 PM, Info: Commiting verification transaction...
8/31/2017 12:35:56 PM, Info: Saving project information...
8/31/2017 12:54:48 PM, Info: Initializing SIMPLSharp Services...
8/31/2017 12:54:48 PM, Info: ProjectInfo successfully initialized.
8/31/2017 12:54:50 PM, Info: Verifying archive C:\Users\Mike\Desktop\Aoki\INTERFACE\DataSelector.clz...
8/31/2017 12:54:50 PM, Info: Saving project information...
8/31/2017 12:54:53 PM, Info: Verifying archive C:\Users\Mike\Desktop\Aoki\INTERFACE\SPlsWork\AppHelperClasses v2_0.clz...
8/31/2017 12:54:53 PM, Info: Saving project information...
8/31/2017 12:54:54 PM, Info: Verifying archive C:\Users\Mike\Desktop\Aoki\INTERFACE\SPlsWork\AffinityClientConnection.clz...
8/31/2017 12:54:55 PM, Info: Saving project information...
8/31/2017 12:55:01 PM, Info: Commiting verification transaction...
8/31/2017 12:55:01 PM, Info: Saving project information...
8/31/2017 2:38:19 PM, Info: Terminating SIMPLSharp Services
8/31/2017 2:38:19 PM, Info: Saving project information...
8/31/2017 2:38:19 PM, Info: Terminating SIMPLSharp Services
8/31/2017 2:38:19 PM, Info: Saving project information...
8/31/2017 2:38:19 PM, Info: Terminating SIMPLSharp Services
