12/5/2017 2:38:53 PM, Info: Initializing SIMPLSharp Services...
12/5/2017 2:38:53 PM, Info: ProjectInfo successfully initialized.
12/5/2017 2:38:56 PM, Info: Verifying archive C:\Users\Mike\Desktop\Aoki\INTERFACE\DataSelector.clz...
12/5/2017 2:38:57 PM, Info: Saving project information...
12/5/2017 2:39:00 PM, Info: Verifying archive C:\Users\Mike\Desktop\Aoki\INTERFACE\SPlsWork\AppHelperClasses v2_0.clz...
12/5/2017 2:39:01 PM, Info: Saving project information...
12/5/2017 2:39:02 PM, Info: Verifying archive C:\Users\Mike\Desktop\Aoki\INTERFACE\SPlsWork\AffinityClientConnection.clz...
12/5/2017 2:39:04 PM, Info: Saving project information...
12/5/2017 2:39:05 PM, Info: Commiting verification transaction...
12/5/2017 2:39:05 PM, Info: Saving project information...
12/5/2017 2:50:01 PM, Info: Initializing SIMPLSharp Services...
12/5/2017 2:50:01 PM, Info: ProjectInfo successfully initialized.
12/5/2017 2:50:04 PM, Info: Verifying archive C:\Users\Mike\Desktop\Aoki\INTERFACE\DataSelector.clz...
12/5/2017 2:50:04 PM, Info: Saving project information...
12/5/2017 2:50:05 PM, Info: Commiting verification transaction...
12/5/2017 2:50:05 PM, Info: Saving project information...
12/5/2017 2:50:24 PM, Info: Initializing SIMPLSharp Services...
12/5/2017 2:50:24 PM, Info: ProjectInfo successfully initialized.
12/5/2017 2:50:26 PM, Info: Verifying archive C:\Users\Mike\Desktop\Aoki\INTERFACE\DataSelector.clz...
12/5/2017 2:50:26 PM, Info: Saving project information...
12/5/2017 2:50:29 PM, Info: Verifying archive C:\Users\Mike\Desktop\Aoki\INTERFACE\SPlsWork\AppHelperClasses v2_0.clz...
12/5/2017 2:50:29 PM, Info: Saving project information...
12/5/2017 2:50:30 PM, Info: Verifying archive C:\Users\Mike\Desktop\Aoki\INTERFACE\SPlsWork\AffinityClientConnection.clz...
12/5/2017 2:50:32 PM, Info: Saving project information...
12/5/2017 2:50:35 PM, Info: Verifying archive C:\Users\Mike\Desktop\Aoki\INTERFACE\SPlsWork\AffinityClientConnection.clz...
12/5/2017 2:50:36 PM, Info: Saving project information...
12/5/2017 2:50:38 PM, Info: Verifying archive C:\Users\Mike\Desktop\Aoki\INTERFACE\SPlsWork\AffinityClientConnection.clz...
12/5/2017 2:50:39 PM, Info: Saving project information...
12/5/2017 2:50:43 PM, Info: Commiting verification transaction...
12/5/2017 2:50:43 PM, Info: Saving project information...
12/5/2017 2:57:12 PM, Info: Initializing SIMPLSharp Services...
12/5/2017 2:57:12 PM, Info: ProjectInfo successfully initialized.
12/5/2017 2:57:14 PM, Info: Verifying archive C:\Users\Mike\Desktop\Aoki\INTERFACE\DataSelector.clz...
12/5/2017 2:57:14 PM, Info: Saving project information...
12/5/2017 2:57:17 PM, Info: Verifying archive C:\Users\Mike\Desktop\Aoki\INTERFACE\SPlsWork\AppHelperClasses v2_0.clz...
12/5/2017 2:57:17 PM, Info: Saving project information...
12/5/2017 2:57:18 PM, Info: Verifying archive C:\Users\Mike\Desktop\Aoki\INTERFACE\SPlsWork\AffinityClientConnection.clz...
12/5/2017 2:57:19 PM, Info: Saving project information...
12/5/2017 2:57:23 PM, Info: Verifying archive C:\Users\Mike\Desktop\Aoki\INTERFACE\SPlsWork\AffinityClientConnection.clz...
12/5/2017 2:57:24 PM, Info: Saving project information...
12/5/2017 2:57:25 PM, Info: Verifying archive C:\Users\Mike\Desktop\Aoki\INTERFACE\SPlsWork\AffinityClientConnection.clz...
12/5/2017 2:57:26 PM, Info: Saving project information...
12/5/2017 2:57:31 PM, Info: Commiting verification transaction...
12/5/2017 2:57:31 PM, Info: Saving project information...
12/5/2017 3:06:20 PM, Info: Initializing SIMPLSharp Services...
12/5/2017 3:06:20 PM, Info: ProjectInfo successfully initialized.
12/5/2017 3:06:22 PM, Info: Verifying archive C:\Users\Mike\Desktop\Aoki\INTERFACE\DataSelector.clz...
12/5/2017 3:06:23 PM, Info: Saving project information...
12/5/2017 3:06:27 PM, Info: Verifying archive C:\Users\Mike\Desktop\Aoki\INTERFACE\SPlsWork\AppHelperClasses v2_0.clz...
12/5/2017 3:06:27 PM, Info: Saving project information...
12/5/2017 3:06:28 PM, Info: Verifying archive C:\Users\Mike\Desktop\Aoki\INTERFACE\SPlsWork\AffinityClientConnection.clz...
12/5/2017 3:06:30 PM, Info: Saving project information...
12/5/2017 3:06:39 PM, Info: Commiting verification transaction...
12/5/2017 3:06:39 PM, Info: Saving project information...
12/5/2017 4:20:12 PM, Info: Terminating SIMPLSharp Services
12/5/2017 4:20:12 PM, Info: Saving project information...
12/5/2017 4:20:12 PM, Info: Terminating SIMPLSharp Services
12/5/2017 4:20:12 PM, Info: Saving project information...
12/5/2017 4:20:12 PM, Info: Terminating SIMPLSharp Services
12/5/2017 4:20:12 PM, Info: Saving project information...
12/5/2017 4:20:12 PM, Info: Terminating SIMPLSharp Services
12/5/2017 4:20:12 PM, Info: Saving project information...
12/5/2017 4:20:12 PM, Info: Terminating SIMPLSharp Services
